<?xml version="1.0" encoding="UTF-8"?>
<!-- Generated by org.testng.reporters.JUnitReportReporter -->
<testsuite hostname="DESKTOP-UMGRVA8" failures="0" tests="1" name="file.Yoga" time="0.013" errors="0" timestamp="2025-04-24T17:14:47 IST" skipped="0">
  <testcase classname="file.Yoga" name="yogatest" time="0.013"/>
</testsuite> <!-- file.Yoga -->
